03/16/2024 10:52:43 AM: INFO: **********************************Testing homepage title***********************************
03/16/2024 10:52:46 AM: INFO: **********************************Test is Passed***********************************
03/16/2024 10:52:49 AM: INFO: **********************************Testing Login test***********************************
03/16/2024 10:52:56 AM: INFO: **********************************Login Test Passed***********************************
03/16/2024 11:07:03 AM: INFO: **********************************Testing homepage title***********************************
03/16/2024 11:07:07 AM: INFO: **********************************Test is Passed***********************************
03/16/2024 11:07:16 AM: INFO: **********************************Testing Login test***********************************
03/16/2024 11:07:23 AM: INFO: **********************************Login Test Passed***********************************
03/16/2024 11:07:38 AM: INFO: **********************************Testing homepage title***********************************
03/16/2024 11:07:41 AM: INFO: **********************************Test is Passed***********************************
03/16/2024 11:07:44 AM: INFO: **********************************Testing Login test***********************************
03/16/2024 11:07:51 AM: INFO: **********************************Login Test Passed***********************************
03/16/2024 11:08:57 AM: INFO: **********************************Testing homepage title***********************************
03/16/2024 11:09:00 AM: INFO: **********************************Test is Passed***********************************
03/16/2024 11:09:04 AM: INFO: **********************************Testing Login test***********************************
03/16/2024 11:09:21 AM: INFO: **********************************Login Test Passed***********************************
03/16/2024 11:11:02 AM: INFO: **********************************Testing Login test***********************************
03/16/2024 11:11:03 AM: INFO: **********************************Testing homepage title***********************************
03/16/2024 11:11:05 AM: INFO: **********************************Test is Passed***********************************
03/16/2024 11:11:10 AM: INFO: **********************************Login Test Passed***********************************
03/16/2024 11:27:45 AM: INFO: **********************************Testing homepage title***********************************
03/16/2024 11:27:45 AM: INFO: **********************************Testing Login test***********************************
03/16/2024 11:27:51 AM: INFO: **********************************Test is Passed***********************************
03/16/2024 11:28:01 AM: INFO: **********************************Login Test Passed***********************************
03/16/2024 02:17:02 PM: INFO: **********************************Testing Login test***********************************
03/16/2024 02:17:13 PM: INFO: ########Passed#########
03/16/2024 02:17:14 PM: INFO: ############Login DDT Test Passed###########
03/16/2024 02:19:02 PM: INFO: **********************************Testing Login test***********************************
03/16/2024 02:19:12 PM: INFO: ########Passed#########
03/16/2024 02:19:20 PM: INFO: #######Passed##########
03/16/2024 02:19:26 PM: INFO: #######Passed##########
03/16/2024 02:19:32 PM: INFO: #######Passed##########
03/16/2024 02:19:32 PM: INFO: ############Login DDT Test Passed###########
03/16/2024 04:46:44 PM: INFO: ************* Test_003_AddCustomer **********
03/16/2024 04:46:50 PM: INFO: ************* Login successful **********
03/16/2024 04:46:50 PM: INFO: ******* Starting Add Customer Test **********
03/16/2024 04:49:02 PM: INFO: ************* Test_003_AddCustomer **********
03/16/2024 04:49:08 PM: INFO: ************* Login successful **********
03/16/2024 04:49:08 PM: INFO: ******* Starting Add Customer Test **********
03/16/2024 04:50:18 PM: INFO: ************* Test_003_AddCustomer **********
03/16/2024 04:50:24 PM: INFO: ************* Login successful **********
03/16/2024 04:50:24 PM: INFO: ******* Starting Add Customer Test **********
03/16/2024 04:51:26 PM: INFO: ************* Test_003_AddCustomer **********
03/16/2024 04:51:31 PM: INFO: ************* Login successful **********
03/16/2024 04:51:31 PM: INFO: ******* Starting Add Customer Test **********
03/16/2024 04:53:52 PM: INFO: ************* Test_003_AddCustomer **********
03/16/2024 04:53:58 PM: INFO: ************* Login successful **********
03/16/2024 04:53:58 PM: INFO: ******* Starting Add Customer Test **********
03/16/2024 04:54:40 PM: INFO: ************* Test_003_AddCustomer **********
03/16/2024 04:54:44 PM: INFO: ************* Login successful **********
03/16/2024 04:54:44 PM: INFO: ******* Starting Add Customer Test **********
03/16/2024 04:54:54 PM: INFO: ************* Providing customer info **********
03/16/2024 04:55:08 PM: INFO: ************* Saving customer info **********
03/16/2024 04:55:08 PM: INFO: ********* Add customer validation started *****************
03/16/2024 04:57:17 PM: INFO: ************* Test_003_AddCustomer **********
03/16/2024 04:57:21 PM: INFO: ************* Login successful **********
03/16/2024 04:57:21 PM: INFO: ******* Starting Add Customer Test **********
03/16/2024 04:57:32 PM: INFO: ************* Providing customer info **********
03/16/2024 04:57:46 PM: INFO: ************* Saving customer info **********
03/16/2024 04:57:46 PM: INFO: ********* Add customer validation started *****************
03/16/2024 04:58:16 PM: INFO: ************* Test_003_AddCustomer **********
03/16/2024 04:58:21 PM: INFO: ************* Login successful **********
03/16/2024 04:58:21 PM: INFO: ******* Starting Add Customer Test **********
03/16/2024 04:58:31 PM: INFO: ************* Providing customer info **********
03/16/2024 04:58:47 PM: INFO: ************* Saving customer info **********
03/16/2024 04:58:47 PM: INFO: ********* Add customer validation started *****************
03/16/2024 05:02:43 PM: INFO: ************* Test_003_AddCustomer **********
03/16/2024 05:02:47 PM: INFO: ************* Login successful **********
03/16/2024 05:02:47 PM: INFO: ******* Starting Add Customer Test **********
03/16/2024 05:02:58 PM: INFO: ************* Providing customer info **********
03/16/2024 05:03:12 PM: INFO: ************* Saving customer info **********
03/16/2024 05:03:12 PM: INFO: ********* Add customer validation started *****************
03/16/2024 05:03:13 PM: INFO: ********* Add customer Test Passed *********
03/16/2024 05:03:13 PM: INFO: ******* Ending Add customer test **********
03/16/2024 05:18:12 PM: INFO: ************* SearchCustomerByEmail_004 **********
03/16/2024 05:18:18 PM: INFO: ************* Login successful **********
03/16/2024 05:18:18 PM: INFO: ******* Starting Search Customer By Email **********
03/16/2024 05:18:20 PM: INFO: ************* searching customer by emailID **********
03/16/2024 05:18:27 PM: INFO: ***************  TC_SearchCustomerByEmail_004 Finished  *********** 
03/16/2024 05:21:12 PM: INFO: ************* SearchCustomerByName_005 **********
03/16/2024 05:21:18 PM: INFO: ************* Login successful **********
03/16/2024 05:21:18 PM: INFO: ******* Starting Search Customer By Name **********
03/16/2024 05:21:22 PM: INFO: ************* searching customer by Name **********
03/16/2024 05:21:29 PM: INFO: ***************  TC_SearchCustomerByName_005 Finished  *********** 
